<?xml version="1.0" encoding="UTF-8"?>
<testsuite name="com.cyphercove.gdxtokryo.tests.GraphicsTest" tests="1" skipped="0" failures="0" errors="0" timestamp="2019-05-29T01:27:34" hostname="DESKTOP-2G5GHID" time="0.019">
  <properties/>
  <testcase name="testGraphics" classname="com.cyphercove.gdxtokryo.tests.GraphicsTest" time="0.019"/>
  <system-out><![CDATA[]]></system-out>
  <system-err><![CDATA[]]></system-err>
</testsuite>
